<?xml version="1.0" encoding="UTF-8"?>
<!-- Generated by org.testng.reporters.JUnitReportReporter -->
<testsuite name="Discovery.Discovery.NewTest1" tests="1" time="1.158" ignored="0" failures="0" timestamp="20 Jul 2019 01:59:16 GMT" skipped="0" hostname="prateek-PC" errors="0">
  <testcase name="f" time="1.158" classname="Discovery.Discovery.NewTest1"/>
</testsuite> <!-- Discovery.Discovery.NewTest1 -->
