<?xml version="1.0" encoding="UTF-8"?>
<!-- Generated by org.testng.reporters.JUnitReportReporter -->
<testsuite name="Discovery.Discovery.FavVideo" tests="1" time="6.863" ignored="0" failures="0" timestamp="20 Jul 2019 07:59:03 GMT" skipped="0" hostname="prateek-PC" errors="0">
  <testcase name="AddTwoVideos" time="6.863" classname="Discovery.Discovery.FavVideo"/>
</testsuite> <!-- Discovery.Discovery.FavVideo -->
