<?xml version="1.0" encoding="UTF-8"?>
<!-- Generated by org.testng.reporters.JUnitReportReporter -->
<testsuite name="Discovery.Discovery.NewTest1" tests="1" time="0.078" ignored="0" failures="0" timestamp="18 Jul 2019 18:56:35 GMT" skipped="0" hostname="prateek-PC" errors="0">
  <testcase name="f" time="0.078" classname="Discovery.Discovery.NewTest1"/>
</testsuite> <!-- Discovery.Discovery.NewTest1 -->
